<?xml version="1.0" encoding="UTF-8"?>
<!-- Generated by org.testng.reporters.JUnitXMLReporter -->
<testsuite ignored="0" hostname="192.168.1.103" failures="1" tests="2" name="Surefire test" time="32.389" errors="0" timestamp="2025-09-06T15:59:46 GMT+03:00">
  <testcase classname="io.cucumber.testng.AbstractTestNGCucumberTests" name="runScenario" time="0.046"/>
  <testcase classname="io.cucumber.testng.AbstractTestNGCucumberTests" name="runScenario" time="32.169">
    <failure type="java.lang.AssertionError" message="The following asserts failed:
	No option found with text containing: Detay">
      <![CDATA[java.lang.AssertionError: The following asserts failed:
No option found with text containing: Detay
at stepDefinitions.AuthenticationStepDefinitions.tearDown(AuthenticationStepDefinitions.java:458)
... Removed 2 stack frames]]>
    </failure>
  </testcase> <!-- runScenario -->
</testsuite> <!-- Surefire test -->
