<?xml version="1.0" encoding="UTF-8"?>
<testng-results ignored="0" total="2" passed="1" failed="1" skipped="0">
  <reporter-output>
  </reporter-output>
  <suite started-at="2025-09-06T15:59:13 GMT+03:00" name="Surefire suite" finished-at="2025-09-06T15:59:46 GMT+03:00" duration-ms="32389">
    <groups>
      <group name="cucumber">
        <method signature="AbstractTestNGCucumberTests.runScenario(io.cucumber.testng.PickleWrapper,io.cucumber.testng.FeatureWrapper)[pri:0, instance:runner.ParallelTestRunner@a9cd3b1]" name="runScenario" class="io.cucumber.testng.AbstractTestNGCucumberTests"/>
        <method signature="AbstractTestNGCucumberTests.runScenario(io.cucumber.testng.PickleWrapper,io.cucumber.testng.FeatureWrapper)[pri:0, instance:runner.TestRunner@34b7ac2f]" name="runScenario" class="io.cucumber.testng.AbstractTestNGCucumberTests"/>
      </group> <!-- cucumber -->
    </groups>
    <test started-at="2025-09-06T15:59:13 GMT+03:00" name="Surefire test" finished-at="2025-09-06T15:59:46 GMT+03:00" duration-ms="32389">
      <class name="runner.ParallelTestRunner">
        <test-method is-config="true" signature="setUpClass(org.testng.ITestContext)[pri:0, instance:runner.ParallelTestRunner@a9cd3b1]" started-at="2025-09-06T15:59:13 GMT+03:00" name="setUpClass" finished-at="2025-09-06T15:59:13 GMT+03:00" duration-ms="199" status="PASS">
          <params>
            <param index="0">
              <value>
                <![CDATA[org.testng.TestRunner@206a70ef]]>
              </value>
            </param>
          </params>
          <reporter-output>
          </reporter-output>
        </test-method> <!-- setUpClass -->
        <test-method signature="runScenario(io.cucumber.testng.PickleWrapper,io.cucumber.testng.FeatureWrapper)[pri:0, instance:runner.ParallelTestRunner@a9cd3b1]" started-at="2025-09-06T15:59:13 GMT+03:00" name="runScenario" description="Runs Cucumber Scenarios" data-provider="scenarios" finished-at="2025-09-06T15:59:13 GMT+03:00" duration-ms="46" status="PASS">
          <params>
            <param index="0">
              <value>
                <![CDATA["Login to ATS Dashboard"]]>
              </value>
            </param>
            <param index="1">
              <value>
                <![CDATA["ATS Authentication"]]>
              </value>
            </param>
          </params>
          <reporter-output>
          </reporter-output>
        </test-method> <!-- runScenario -->
        <test-method is-config="true" signature="tearDownClass()[pri:0, instance:runner.ParallelTestRunner@a9cd3b1]" started-at="2025-09-06T15:59:13 GMT+03:00" name="tearDownClass" finished-at="2025-09-06T15:59:13 GMT+03:00" duration-ms="40" status="PASS">
          <reporter-output>
          </reporter-output>
        </test-method> <!-- tearDownClass -->
      </class> <!-- runner.ParallelTestRunner -->
      <class name="runner.TestRunner">
        <test-method is-config="true" signature="setUpClass(org.testng.ITestContext)[pri:0, instance:runner.TestRunner@34b7ac2f]" started-at="2025-09-06T15:59:13 GMT+03:00" name="setUpClass" finished-at="2025-09-06T15:59:13 GMT+03:00" duration-ms="198" status="PASS">
          <params>
            <param index="0">
              <value>
                <![CDATA[org.testng.TestRunner@206a70ef]]>
              </value>
            </param>
          </params>
          <reporter-output>
          </reporter-output>
        </test-method> <!-- setUpClass -->
        <test-method signature="runScenario(io.cucumber.testng.PickleWrapper,io.cucumber.testng.FeatureWrapper)[pri:0, instance:runner.TestRunner@34b7ac2f]" started-at="2025-09-06T15:59:13 GMT+03:00" name="runScenario" description="Runs Cucumber Scenarios" data-provider="scenarios" finished-at="2025-09-06T15:59:46 GMT+03:00" duration-ms="32169" status="FAIL">
          <params>
            <param index="0">
              <value>
                <![CDATA["Login to ATS Dashboard"]]>
              </value>
            </param>
            <param index="1">
              <value>
                <![CDATA["ATS Authentication"]]>
              </value>
            </param>
          </params>
          <exception class="java.lang.AssertionError">
            <message>
              <![CDATA[The following asserts failed:
No option found with text containing: Detay]]>
            </message>
            <full-stacktrace>
              <![CDATA[java.lang.AssertionError: The following asserts failed:
No option found with text containing: Detay
at org.testng.asserts.SoftAssert.assertAll(SoftAssert.java:46)
at org.testng.asserts.SoftAssert.assertAll(SoftAssert.java:30)
at stepDefinitions.AuthenticationStepDefinitions.tearDown(AuthenticationStepDefinitions.java:458)
]]>
            </full-stacktrace>
          </exception> <!-- java.lang.AssertionError -->
          <reporter-output>
          </reporter-output>
        </test-method> <!-- runScenario -->
        <test-method is-config="true" signature="tearDownClass()[pri:0, instance:runner.TestRunner@34b7ac2f]" started-at="2025-09-06T15:59:46 GMT+03:00" name="tearDownClass" finished-at="2025-09-06T15:59:46 GMT+03:00" duration-ms="9" status="PASS">
          <reporter-output>
          </reporter-output>
        </test-method> <!-- tearDownClass -->
      </class> <!-- runner.TestRunner -->
    </test> <!-- Surefire test -->
  </suite> <!-- Surefire suite -->
</testng-results>
