<?xml version="1.0" encoding="UTF-8"?>
<!-- Generated by org.testng.reporters.JUnitReportReporter -->
<testsuite hostname="192.168.1.103" failures="1" tests="1" name="runner.TestRunner" time="32.169" errors="0" timestamp="2025-09-06T15:59:46 GMT+03:00" skipped="0">
  <testcase classname="runner.TestRunner" name="runScenario" time="32.169">
    <failure message="The following asserts failed:
	No option found with text containing: Detay" type="java.lang.AssertionError">
      <![CDATA[java.lang.AssertionError: The following asserts failed:
No option found with text containing: Detay
at org.testng.asserts.SoftAssert.assertAll(SoftAssert.java:46)
at org.testng.asserts.SoftAssert.assertAll(SoftAssert.java:30)
at stepDefinitions.AuthenticationStepDefinitions.tearDown(AuthenticationStepDefinitions.java:458)
]]>
    </failure>
  </testcase> <!-- runScenario -->
  <system-out/>
</testsuite> <!-- runner.TestRunner -->
